2025-07-09 21:46:50,702 - api.auth_routes - ERROR - Error en registro: Could not determine join condition between parent/child tables on relationship User.subscriptions - there are no foreign keys linking these tables.  Ensure that referencing columns are associated with a ForeignKey or ForeignKeyConstraint, or specify a 'primaryjoin' expression.
2025-07-09 21:48:38,509 - api.auth_routes - ERROR - Error en registro: Could not determine join condition between parent/child tables on relationship User.subscriptions - there are no foreign keys linking these tables.  Ensure that referencing columns are associated with a ForeignKey or ForeignKeyConstraint, or specify a 'primaryjoin' expression.
2025-07-10 11:53:09,472 - api.auth_routes - ERROR - Error en login: (MySQLdb.OperationalError) (1045, "Access denied for user 'root'@'localhost' (using password: NO)")
(Background on this error at: https://sqlalche.me/e/20/e3q8)
2025-07-10 11:53:21,001 - api.auth_routes - ERROR - Error en login: (MySQLdb.OperationalError) (1045, "Access denied for user 'root'@'localhost' (using password: NO)")
(Background on this error at: https://sqlalche.me/e/20/e3q8)
2025-07-10 11:56:03,495 - api.auth_routes - ERROR - Error en login: (MySQLdb.OperationalError) (1045, "Access denied for user 'root'@'localhost' (using password: NO)")
(Background on this error at: https://sqlalche.me/e/20/e3q8)
2025-07-10 11:57:26,797 - main - INFO - Iniciando AI Trading System...
2025-07-10 11:57:26,797 - main - INFO - AI Trading System iniciado correctamente
2025-07-10 11:57:37,138 - main - INFO - Deteniendo AI Trading System...
2025-07-10 11:57:43,195 - main - INFO - Iniciando AI Trading System...
2025-07-10 11:57:43,197 - main - INFO - AI Trading System iniciado correctamente
2025-07-10 11:57:52,755 - main - INFO - Deteniendo AI Trading System...
2025-07-10 11:57:58,357 - main - INFO - Iniciando AI Trading System...
2025-07-10 11:57:58,358 - main - INFO - AI Trading System iniciado correctamente
2025-07-10 11:57:59,746 - main - INFO - Deteniendo AI Trading System...
2025-07-10 11:58:11,009 - main - INFO - Iniciando AI Trading System...
2025-07-10 11:58:11,012 - main - INFO - AI Trading System iniciado correctamente
2025-07-10 11:58:16,439 - main - INFO - Deteniendo AI Trading System...
2025-07-10 11:58:21,374 - main - INFO - Iniciando AI Trading System...
2025-07-10 11:58:21,375 - main - INFO - AI Trading System iniciado correctamente
2025-07-10 12:03:50,556 - main - INFO - Deteniendo AI Trading System...
2025-07-10 12:03:55,689 - main - INFO - Iniciando AI Trading System...
2025-07-10 12:03:55,689 - main - INFO - AI Trading System iniciado correctamente
2025-07-10 12:04:35,300 - api.auth_routes - ERROR - Error en login: (MySQLdb.OperationalError) (1045, "Access denied for user 'root'@'localhost' (using password: NO)")
(Background on this error at: https://sqlalche.me/e/20/e3q8)
2025-07-10 12:04:45,612 - api.auth_routes - ERROR - Error en login: (MySQLdb.OperationalError) (1045, "Access denied for user 'root'@'localhost' (using password: NO)")
(Background on this error at: https://sqlalche.me/e/20/e3q8)
2025-07-10 12:05:46,184 - main - INFO - Deteniendo AI Trading System...
2025-07-10 12:05:51,744 - main - INFO - Iniciando AI Trading System...
2025-07-10 12:05:51,745 - main - INFO - AI Trading System iniciado correctamente
2025-07-10 12:05:52,275 - main - INFO - Deteniendo AI Trading System...
2025-07-10 12:05:57,063 - main - INFO - Iniciando AI Trading System...
2025-07-10 12:05:57,063 - main - INFO - AI Trading System iniciado correctamente
2025-07-10 12:06:01,974 - main - INFO - Deteniendo AI Trading System...
2025-07-10 12:06:07,390 - main - INFO - Iniciando AI Trading System...
2025-07-10 12:06:07,391 - main - INFO - AI Trading System iniciado correctamente
2025-07-10 12:06:15,636 - main - INFO - Deteniendo AI Trading System...
2025-07-10 12:06:21,980 - main - INFO - Iniciando AI Trading System...
2025-07-10 12:06:21,982 - main - INFO - AI Trading System iniciado correctamente
2025-07-10 12:06:23,181 - main - INFO - Deteniendo AI Trading System...
2025-07-10 12:06:27,015 - main - INFO - Iniciando AI Trading System...
2025-07-10 12:06:27,016 - main - INFO - AI Trading System iniciado correctamente
2025-07-10 12:06:31,273 - main - INFO - Deteniendo AI Trading System...
2025-07-10 12:06:35,969 - main - INFO - Iniciando AI Trading System...
2025-07-10 12:06:35,969 - main - INFO - AI Trading System iniciado correctamente
2025-07-10 12:06:40,516 - main - INFO - Deteniendo AI Trading System...
2025-07-10 12:06:45,532 - main - INFO - Iniciando AI Trading System...
2025-07-10 12:06:45,533 - main - INFO - AI Trading System iniciado correctamente
2025-07-10 12:06:45,873 - main - INFO - Deteniendo AI Trading System...
2025-07-10 12:06:50,887 - main - INFO - Iniciando AI Trading System...
2025-07-10 12:06:50,888 - main - INFO - AI Trading System iniciado correctamente
2025-07-10 12:07:05,501 - api.auth_routes - ERROR - Error en login: (MySQLdb.OperationalError) (1045, "Access denied for user 'root'@'localhost' (using password: NO)")
(Background on this error at: https://sqlalche.me/e/20/e3q8)
2025-07-10 12:07:29,844 - api.auth_routes - ERROR - Error en login: (MySQLdb.OperationalError) (1045, "Access denied for user 'root'@'localhost' (using password: NO)")
(Background on this error at: https://sqlalche.me/e/20/e3q8)
2025-07-10 12:08:48,963 - main - INFO - Deteniendo AI Trading System...
2025-07-10 12:08:59,546 - main - INFO - Iniciando AI Trading System...
2025-07-10 12:08:59,547 - main - INFO - AI Trading System iniciado correctamente
2025-07-10 12:09:16,137 - main - INFO - Deteniendo AI Trading System...
2025-07-10 12:09:28,580 - main - INFO - Iniciando AI Trading System...
2025-07-10 12:09:28,580 - main - INFO - AI Trading System iniciado correctamente
2025-07-10 12:09:52,273 - main - INFO - Deteniendo AI Trading System...
2025-07-10 12:10:02,625 - main - INFO - Iniciando AI Trading System...
2025-07-10 12:10:02,625 - main - INFO - AI Trading System iniciado correctamente
2025-07-10 12:58:54,927 - main - INFO - Deteniendo AI Trading System...
2025-07-10 12:59:12,190 - main - INFO - Iniciando AI Trading System...
2025-07-10 12:59:12,191 - main - INFO - AI Trading System iniciado correctamente
2025-07-10 12:59:19,889 - main - INFO - Iniciando AI Trading System...
2025-07-10 12:59:19,889 - main - INFO - AI Trading System iniciado correctamente
2025-07-10 13:01:45,730 - main - INFO - Deteniendo AI Trading System...
2025-07-10 13:02:03,241 - main - INFO - Iniciando AI Trading System...
2025-07-10 13:02:03,242 - main - INFO - AI Trading System iniciado correctamente
2025-07-10 13:15:55,045 - main - INFO - Deteniendo AI Trading System...
2025-07-10 13:16:13,188 - main - INFO - Iniciando AI Trading System...
2025-07-10 13:16:13,189 - main - INFO - AI Trading System iniciado correctamente
2025-07-10 13:16:16,217 - httpx - INFO - HTTP Request: GET https://finnhub.io/api/v1/forex/candle?symbol=OANDA:EUR_USD&resolution=15&from=1752081373&to=1752171373&token=d1nvqv1r01qtrauu8fggd1nvqv1r01qtrauu8fh0 "HTTP/1.1 403 Forbidden"
2025-07-10 13:16:38,439 - httpx - INFO - HTTP Request: GET https://finnhub.io/api/v1/forex/candle?symbol=OANDA:EUR_USD&resolution=15&from=1752081397&to=1752171397&token=d1nvqv1r01qtrauu8fggd1nvqv1r01qtrauu8fh0 "HTTP/1.1 403 Forbidden"
2025-07-10 13:18:29,681 - httpx - INFO - HTTP Request: GET https://finnhub.io/api/v1/forex/candle?symbol=OANDA:EUR_USD&resolution=15&from=1752081507&to=1752171507&token=d1nvqv1r01qtrauu8fggd1nvqv1r01qtrauu8fh0 "HTTP/1.1 403 Forbidden"
2025-07-10 13:18:32,015 - httpx - INFO - HTTP Request: GET https://finnhub.io/api/v1/forex/candle?symbol=OANDA:EUR_USD&resolution=15&from=1752081510&to=1752171510&token=d1nvqv1r01qtrauu8fggd1nvqv1r01qtrauu8fh0 "HTTP/1.1 403 Forbidden"
2025-07-10 13:18:39,497 - httpx - INFO - HTTP Request: GET https://finnhub.io/api/v1/forex/candle?symbol=OANDA:GBP_USD&resolution=15&from=1752081516&to=1752171516&token=d1nvqv1r01qtrauu8fggd1nvqv1r01qtrauu8fh0 "HTTP/1.1 403 Forbidden"
2025-07-10 13:18:39,533 - httpx - INFO - HTTP Request: GET https://finnhub.io/api/v1/forex/candle?symbol=OANDA:EUR_USD&resolution=15&from=1752081517&to=1752171517&token=d1nvqv1r01qtrauu8fggd1nvqv1r01qtrauu8fh0 "HTTP/1.1 403 Forbidden"
2025-07-10 13:33:01,780 - main - INFO - Deteniendo AI Trading System...
2025-07-10 13:33:11,943 - main - INFO - Iniciando AI Trading System...
2025-07-10 13:33:11,943 - main - INFO - AI Trading System iniciado correctamente
2025-07-10 13:33:36,462 - main - INFO - Deteniendo AI Trading System...
2025-07-10 13:33:47,648 - main - INFO - Iniciando AI Trading System...
2025-07-10 13:33:47,649 - main - INFO - AI Trading System iniciado correctamente
2025-07-10 13:34:02,539 - httpx - INFO - HTTP Request: GET https://api.twelvedata.com/time_series?symbol=EUR/USD&interval=15min&outputsize=100&apikey=701dbaae483c49ad8feaa37f72d290c6 "HTTP/1.1 200 OK"
2025-07-10 13:35:11,257 - httpx - INFO - HTTP Request: GET https://api.twelvedata.com/time_series?symbol=EUR/USD&interval=15min&outputsize=100&apikey=701dbaae483c49ad8feaa37f72d290c6 "HTTP/1.1 200 OK"
2025-07-10 13:37:31,872 - httpx - INFO - HTTP Request: GET https://api.twelvedata.com/time_series?symbol=EUR/USD&interval=15min&outputsize=100&apikey=701dbaae483c49ad8feaa37f72d290c6 "HTTP/1.1 200 OK"
2025-07-10 13:37:31,896 - httpx - INFO - HTTP Request: GET https://api.twelvedata.com/time_series?symbol=EUR/USD&interval=15min&outputsize=100&apikey=701dbaae483c49ad8feaa37f72d290c6 "HTTP/1.1 200 OK"
2025-07-10 13:40:50,065 - httpx - INFO - HTTP Request: GET https://api.twelvedata.com/price?symbol=EUR/USD&apikey=701dbaae483c49ad8feaa37f72d290c6 "HTTP/1.1 200 OK"
2025-07-10 13:40:50,068 - httpx - INFO - HTTP Request: GET https://api.twelvedata.com/time_series?symbol=EUR/USD&interval=15min&outputsize=100&apikey=701dbaae483c49ad8feaa37f72d290c6 "HTTP/1.1 200 OK"
2025-07-10 13:40:50,080 - httpx - INFO - HTTP Request: GET https://api.twelvedata.com/time_series?symbol=EUR/USD&interval=15min&outputsize=100&apikey=701dbaae483c49ad8feaa37f72d290c6 "HTTP/1.1 200 OK"
2025-07-10 13:40:50,085 - httpx - INFO - HTTP Request: GET https://api.twelvedata.com/price?symbol=EUR/USD&apikey=701dbaae483c49ad8feaa37f72d290c6 "HTTP/1.1 200 OK"
2025-07-10 13:43:09,881 - httpx - INFO - HTTP Request: GET https://api.twelvedata.com/price?symbol=EUR/USD&apikey=701dbaae483c49ad8feaa37f72d290c6 "HTTP/1.1 200 OK"
2025-07-10 13:43:10,136 - httpx - INFO - HTTP Request: GET https://api.twelvedata.com/time_series?symbol=EUR/USD&interval=15min&outputsize=100&apikey=701dbaae483c49ad8feaa37f72d290c6 "HTTP/1.1 200 OK"
2025-07-10 13:50:06,659 - httpx - INFO - HTTP Request: GET https://api.twelvedata.com/price?symbol=EUR/USD&apikey=701dbaae483c49ad8feaa37f72d290c6 "HTTP/1.1 200 OK"
2025-07-10 13:50:06,685 - httpx - INFO - HTTP Request: GET https://api.twelvedata.com/time_series?symbol=EUR/USD&interval=15min&outputsize=100&apikey=701dbaae483c49ad8feaa37f72d290c6 "HTTP/1.1 200 OK"
2025-07-10 14:18:38,918 - api.subscription_routes - ERROR - Error obteniendo suscripción: (MySQLdb.OperationalError) (2006, 'Server has gone away')
[SQL: SELECT users.user_id AS users_user_id, users.username AS users_username, users.email AS users_email, users.first_name AS users_first_name, users.last_name AS users_last_name, users.phone AS users_phone, users.password_hash AS users_password_hash, users.is_active AS users_is_active, users.is_verified AS users_is_verified, users.role AS users_role, users.timezone AS users_timezone, users.language AS users_language, users.created_at AS users_created_at, users.updated_at AS users_updated_at, users.last_login AS users_last_login 
FROM users 
WHERE users.username = %s 
 LIMIT %s]
[parameters: ('prueba1', 1)]
(Background on this error at: https://sqlalche.me/e/20/e3q8)
2025-07-10 14:18:38,956 - api.subscription_routes - ERROR - Error obteniendo suscripción: Can't reconnect until invalid transaction is rolled back.  Please rollback() fully before proceeding (Background on this error at: https://sqlalche.me/e/20/8s2b)
2025-07-10 14:19:08,380 - main - INFO - Deteniendo AI Trading System...
2025-07-10 14:19:33,327 - main - INFO - Iniciando AI Trading System...
2025-07-10 14:19:33,328 - main - INFO - AI Trading System iniciado correctamente
2025-07-10 14:19:50,461 - api.auth_routes - ERROR - Error en login: (MySQLdb.OperationalError) (2002, "Can't connect to server on 'localhost' (10061)")
(Background on this error at: https://sqlalche.me/e/20/e3q8)
2025-07-10 14:20:06,317 - api.auth_routes - ERROR - Error en login: (MySQLdb.OperationalError) (2002, "Can't connect to server on 'localhost' (10061)")
(Background on this error at: https://sqlalche.me/e/20/e3q8)
2025-07-10 14:20:52,394 - api.subscription_routes - ERROR - Error obteniendo suscripción: (MySQLdb.OperationalError) (2002, "Can't connect to server on 'localhost' (10061)")
(Background on this error at: https://sqlalche.me/e/20/e3q8)
2025-07-10 14:26:59,388 - httpx - INFO - HTTP Request: GET https://api.twelvedata.com/price?symbol=EUR/USD&apikey=701dbaae483c49ad8feaa37f72d290c6 "HTTP/1.1 200 OK"
2025-07-10 14:26:59,521 - httpx - INFO - HTTP Request: GET https://api.twelvedata.com/time_series?symbol=EUR/USD&interval=15min&outputsize=100&apikey=701dbaae483c49ad8feaa37f72d290c6 "HTTP/1.1 200 OK"
2025-07-10 14:35:58,019 - main - INFO - Deteniendo AI Trading System...
2025-07-10 14:36:45,912 - main - INFO - Iniciando AI Trading System...
2025-07-10 14:36:45,913 - main - INFO - AI Trading System iniciado correctamente
2025-07-10 14:39:59,195 - httpx - INFO - HTTP Request: GET https://api.twelvedata.com/time_series?symbol=EUR/USD&interval=15min&outputsize=100&apikey=701dbaae483c49ad8feaa37f72d290c6 "HTTP/1.1 200 OK"
2025-07-10 14:39:59,219 - httpx - INFO - HTTP Request: GET https://api.twelvedata.com/price?symbol=EUR/USD&apikey=701dbaae483c49ad8feaa37f72d290c6 "HTTP/1.1 200 OK"
2025-07-10 14:41:36,118 - httpx - INFO - HTTP Request: GET https://api.twelvedata.com/price?symbol=EUR/USD&apikey=701dbaae483c49ad8feaa37f72d290c6 "HTTP/1.1 200 OK"
2025-07-10 14:41:36,131 - httpx - INFO - HTTP Request: GET https://api.twelvedata.com/time_series?symbol=EUR/USD&interval=15min&outputsize=100&apikey=701dbaae483c49ad8feaa37f72d290c6 "HTTP/1.1 200 OK"
2025-07-10 14:41:50,537 - httpx - INFO - HTTP Request: GET https://api.twelvedata.com/price?symbol=EUR/USD&apikey=701dbaae483c49ad8feaa37f72d290c6 "HTTP/1.1 200 OK"
2025-07-10 14:42:05,899 - httpx - INFO - HTTP Request: GET https://api.twelvedata.com/price?symbol=EUR/USD&apikey=701dbaae483c49ad8feaa37f72d290c6 "HTTP/1.1 200 OK"
2025-07-10 14:42:21,160 - httpx - INFO - HTTP Request: GET https://api.twelvedata.com/price?symbol=EUR/USD&apikey=701dbaae483c49ad8feaa37f72d290c6 "HTTP/1.1 200 OK"
2025-07-10 14:42:36,315 - httpx - INFO - HTTP Request: GET https://api.twelvedata.com/price?symbol=EUR/USD&apikey=701dbaae483c49ad8feaa37f72d290c6 "HTTP/1.1 200 OK"
2025-07-10 14:42:50,757 - httpx - INFO - HTTP Request: GET https://api.twelvedata.com/price?symbol=EUR/USD&apikey=701dbaae483c49ad8feaa37f72d290c6 "HTTP/1.1 200 OK"
2025-07-10 14:43:05,829 - httpx - INFO - HTTP Request: GET https://api.twelvedata.com/price?symbol=EUR/USD&apikey=701dbaae483c49ad8feaa37f72d290c6 "HTTP/1.1 200 OK"
2025-07-10 14:43:21,585 - httpx - INFO - HTTP Request: GET https://api.twelvedata.com/price?symbol=EUR/USD&apikey=701dbaae483c49ad8feaa37f72d290c6 "HTTP/1.1 200 OK"
2025-07-10 14:43:36,553 - httpx - INFO - HTTP Request: GET https://api.twelvedata.com/price?symbol=EUR/USD&apikey=701dbaae483c49ad8feaa37f72d290c6 "HTTP/1.1 200 OK"
2025-07-10 14:43:51,315 - httpx - INFO - HTTP Request: GET https://api.twelvedata.com/price?symbol=EUR/USD&apikey=701dbaae483c49ad8feaa37f72d290c6 "HTTP/1.1 200 OK"
2025-07-10 14:44:06,542 - httpx - INFO - HTTP Request: GET https://api.twelvedata.com/price?symbol=EUR/USD&apikey=701dbaae483c49ad8feaa37f72d290c6 "HTTP/1.1 200 OK"
2025-07-10 14:44:22,847 - httpx - INFO - HTTP Request: GET https://api.twelvedata.com/price?symbol=EUR/USD&apikey=701dbaae483c49ad8feaa37f72d290c6 "HTTP/1.1 200 OK"
2025-07-10 14:44:26,205 - httpx - INFO - HTTP Request: GET https://api.twelvedata.com/time_series?symbol=EUR/USD&interval=15min&outputsize=100&apikey=701dbaae483c49ad8feaa37f72d290c6 "HTTP/1.1 200 OK"
2025-07-10 14:45:11,050 - httpx - INFO - HTTP Request: GET https://api.twelvedata.com/price?symbol=EUR/USD&apikey=701dbaae483c49ad8feaa37f72d290c6 "HTTP/1.1 200 OK"
2025-07-10 14:47:42,027 - httpx - INFO - HTTP Request: GET https://api.twelvedata.com/price?symbol=EUR/USD&apikey=701dbaae483c49ad8feaa37f72d290c6 "HTTP/1.1 200 OK"
2025-07-10 14:50:17,397 - httpx - INFO - HTTP Request: GET https://api.twelvedata.com/price?symbol=EUR/USD&apikey=701dbaae483c49ad8feaa37f72d290c6 "HTTP/1.1 200 OK"
2025-07-10 14:52:02,321 - main - INFO - Deteniendo AI Trading System...
2025-07-10 14:52:27,956 - main - INFO - Iniciando AI Trading System...
2025-07-10 14:52:27,956 - main - INFO - AI Trading System iniciado correctamente
2025-07-10 14:53:17,433 - httpx - INFO - HTTP Request: GET https://api.twelvedata.com/price?symbol=EUR/USD&apikey=701dbaae483c49ad8feaa37f72d290c6 "HTTP/1.1 200 OK"
2025-07-10 14:54:51,364 - main - INFO - Deteniendo AI Trading System...
2025-07-10 14:55:08,421 - main - INFO - Iniciando AI Trading System...
2025-07-10 14:55:08,422 - main - INFO - AI Trading System iniciado correctamente
2025-07-10 14:55:35,987 - httpx - INFO - HTTP Request: GET https://api.twelvedata.com/price?symbol=EUR/USD&apikey=701dbaae483c49ad8feaa37f72d290c6 "HTTP/1.1 200 OK"
2025-07-10 14:55:36,024 - httpx - INFO - HTTP Request: GET https://api.twelvedata.com/time_series?symbol=EUR/USD&interval=15min&outputsize=100&apikey=701dbaae483c49ad8feaa37f72d290c6 "HTTP/1.1 200 OK"
2025-07-10 14:58:27,749 - httpx - INFO - HTTP Request: GET https://api.twelvedata.com/price?symbol=EUR/USD&apikey=701dbaae483c49ad8feaa37f72d290c6 "HTTP/1.1 200 OK"
2025-07-10 15:00:29,793 - httpx - INFO - HTTP Request: GET https://api.twelvedata.com/price?symbol=EUR/USD&apikey=701dbaae483c49ad8feaa37f72d290c6 "HTTP/1.1 200 OK"
2025-07-10 15:00:34,527 - httpx - INFO - HTTP Request: GET https://api.twelvedata.com/time_series?symbol=EUR/USD&interval=15min&outputsize=100&apikey=701dbaae483c49ad8feaa37f72d290c6 "HTTP/1.1 200 OK"
2025-07-10 15:02:38,108 - httpx - INFO - HTTP Request: GET https://api.twelvedata.com/price?symbol=EUR/USD&apikey=701dbaae483c49ad8feaa37f72d290c6 "HTTP/1.1 200 OK"
2025-07-10 15:04:17,446 - httpx - INFO - HTTP Request: GET https://api.twelvedata.com/time_series?symbol=GBP/USD&interval=15min&outputsize=100&apikey=701dbaae483c49ad8feaa37f72d290c6 "HTTP/1.1 200 OK"
2025-07-10 15:04:53,198 - main - INFO - Deteniendo AI Trading System...
